{"/home/aman_ahmed/apps/React/hu-2020-vmc/src/App.tsx": {"path":"/home/aman_ahmed/apps/React/hu-2020-vmc/src/App.tsx","statementMap":{"0":{"start":{"line":22,"column":19},"end":{"line":22,"column":131}},"1":{"start":{"line":24,"column":21},"end":{"line":43,"column":1}},"2":{"start":{"line":45,"column":12},"end":{"line":235,"column":1}},"3":{"start":{"line":49,"column":22},"end":{"line":51,"column":3}},"4":{"start":{"line":50,"column":4},"end":{"line":50,"column":21}},"5":{"start":{"line":54,"column":21},"end":{"line":54,"column":142}},"6":{"start":{"line":55,"column":22},"end":{"line":55,"column":36}},"7":{"start":{"line":56,"column":13},"end":{"line":56,"column":14}},"8":{"start":{"line":57,"column":20},"end":{"line":57,"column":83}},"9":{"start":{"line":59,"column":25},"end":{"line":59,"column":44}},"10":{"start":{"line":60,"column":37},"end":{"line":60,"column":58}},"11":{"start":{"line":61,"column":31},"end":{"line":61,"column":48}},"12":{"start":{"line":62,"column":25},"end":{"line":62,"column":48}},"13":{"start":{"line":70,"column":19},"end":{"line":72,"column":3}},"14":{"start":{"line":71,"column":4},"end":{"line":71,"column":17}},"15":{"start":{"line":73,"column":19},"end":{"line":75,"column":3}},"16":{"start":{"line":74,"column":4},"end":{"line":74,"column":17}},"17":{"start":{"line":76,"column":19},"end":{"line":78,"column":3}},"18":{"start":{"line":77,"column":4},"end":{"line":77,"column":17}},"19":{"start":{"line":79,"column":19},"end":{"line":81,"column":3}},"20":{"start":{"line":80,"column":4},"end":{"line":80,"column":17}},"21":{"start":{"line":82,"column":19},"end":{"line":84,"column":3}},"22":{"start":{"line":83,"column":4},"end":{"line":83,"column":17}},"23":{"start":{"line":86,"column":20},"end":{"line":86,"column":34}},"24":{"start":{"line":87,"column":20},"end":{"line":87,"column":34}},"25":{"start":{"line":88,"column":20},"end":{"line":88,"column":34}},"26":{"start":{"line":89,"column":20},"end":{"line":89,"column":34}},"27":{"start":{"line":93,"column":25},"end":{"line":97,"column":3}},"28":{"start":{"line":94,"column":4},"end":{"line":94,"column":25}},"29":{"start":{"line":95,"column":4},"end":{"line":95,"column":25}},"30":{"start":{"line":108,"column":4},"end":{"line":150,"column":7}},"31":{"start":{"line":109,"column":6},"end":{"line":111,"column":8}},"32":{"start":{"line":112,"column":12},"end":{"line":150,"column":7}},"33":{"start":{"line":113,"column":6},"end":{"line":134,"column":8}},"34":{"start":{"line":135,"column":12},"end":{"line":150,"column":7}},"35":{"start":{"line":136,"column":6},"end":{"line":138,"column":8}},"36":{"start":{"line":139,"column":12},"end":{"line":150,"column":7}},"37":{"start":{"line":140,"column":6},"end":{"line":142,"column":8}},"38":{"start":{"line":143,"column":12},"end":{"line":150,"column":7}},"39":{"start":{"line":144,"column":6},"end":{"line":148,"column":8}},"40":{"start":{"line":152,"column":6},"end":{"line":152,"column":18}},"41":{"start":{"line":156,"column":8},"end":{"line":161,"column":9}},"42":{"start":{"line":156,"column":22},"end":{"line":156,"column":75}},"43":{"start":{"line":157,"column":14},"end":{"line":161,"column":9}},"44":{"start":{"line":157,"column":28},"end":{"line":157,"column":89}},"45":{"start":{"line":158,"column":14},"end":{"line":161,"column":9}},"46":{"start":{"line":158,"column":28},"end":{"line":158,"column":95}},"47":{"start":{"line":159,"column":14},"end":{"line":161,"column":9}},"48":{"start":{"line":159,"column":28},"end":{"line":159,"column":87}},"49":{"start":{"line":160,"column":14},"end":{"line":161,"column":9}},"50":{"start":{"line":160,"column":28},"end":{"line":160,"column":86}},"51":{"start":{"line":162,"column":8},"end":{"line":162,"column":20}},"52":{"start":{"line":165,"column":26},"end":{"line":165,"column":89}},"53":{"start":{"line":165,"column":65},"end":{"line":165,"column":87}},"54":{"start":{"line":168,"column":2},"end":{"line":234,"column":4}}},"fnMap":{"0":{"name":"(anonymous_0)","decl":{"start":{"line":45,"column":12},"end":{"line":45,"column":13}},"loc":{"start":{"line":45,"column":18},"end":{"line":235,"column":1}},"line":45},"1":{"name":"(anonymous_1)","decl":{"start":{"line":49,"column":22},"end":{"line":49,"column":23}},"loc":{"start":{"line":49,"column":37},"end":{"line":51,"column":3}},"line":49},"2":{"name":"(anonymous_2)","decl":{"start":{"line":70,"column":19},"end":{"line":70,"column":20}},"loc":{"start":{"line":70,"column":25},"end":{"line":72,"column":3}},"line":70},"3":{"name":"(anonymous_3)","decl":{"start":{"line":73,"column":19},"end":{"line":73,"column":20}},"loc":{"start":{"line":73,"column":25},"end":{"line":75,"column":3}},"line":73},"4":{"name":"(anonymous_4)","decl":{"start":{"line":76,"column":19},"end":{"line":76,"column":20}},"loc":{"start":{"line":76,"column":25},"end":{"line":78,"column":3}},"line":76},"5":{"name":"(anonymous_5)","decl":{"start":{"line":79,"column":19},"end":{"line":79,"column":20}},"loc":{"start":{"line":79,"column":25},"end":{"line":81,"column":3}},"line":79},"6":{"name":"(anonymous_6)","decl":{"start":{"line":82,"column":19},"end":{"line":82,"column":20}},"loc":{"start":{"line":82,"column":25},"end":{"line":84,"column":3}},"line":82},"7":{"name":"setSm1","decl":{"start":{"line":86,"column":11},"end":{"line":86,"column":17}},"loc":{"start":{"line":86,"column":19},"end":{"line":86,"column":35}},"line":86},"8":{"name":"setSm2","decl":{"start":{"line":87,"column":11},"end":{"line":87,"column":17}},"loc":{"start":{"line":87,"column":19},"end":{"line":87,"column":35}},"line":87},"9":{"name":"setSm3","decl":{"start":{"line":88,"column":11},"end":{"line":88,"column":17}},"loc":{"start":{"line":88,"column":19},"end":{"line":88,"column":35}},"line":88},"10":{"name":"setSm4","decl":{"start":{"line":89,"column":11},"end":{"line":89,"column":17}},"loc":{"start":{"line":89,"column":19},"end":{"line":89,"column":35}},"line":89},"11":{"name":"(anonymous_11)","decl":{"start":{"line":93,"column":25},"end":{"line":93,"column":26}},"loc":{"start":{"line":93,"column":47},"end":{"line":97,"column":3}},"line":93},"12":{"name":"PageDisplay","decl":{"start":{"line":106,"column":11},"end":{"line":106,"column":22}},"loc":{"start":{"line":106,"column":24},"end":{"line":153,"column":3}},"line":106},"13":{"name":"PageHeading","decl":{"start":{"line":155,"column":11},"end":{"line":155,"column":22}},"loc":{"start":{"line":155,"column":26},"end":{"line":163,"column":3}},"line":155},"14":{"name":"(anonymous_14)","decl":{"start":{"line":165,"column":60},"end":{"line":165,"column":61}},"loc":{"start":{"line":165,"column":64},"end":{"line":165,"column":88}},"line":165}},"branchMap":{"0":{"loc":{"start":{"line":108,"column":4},"end":{"line":150,"column":7}},"type":"if","locations":[{"start":{"line":108,"column":4},"end":{"line":150,"column":7}},{"start":{"line":108,"column":4},"end":{"line":150,"column":7}}],"line":108},"1":{"loc":{"start":{"line":112,"column":12},"end":{"line":150,"column":7}},"type":"if","locations":[{"start":{"line":112,"column":12},"end":{"line":150,"column":7}},{"start":{"line":112,"column":12},"end":{"line":150,"column":7}}],"line":112},"2":{"loc":{"start":{"line":135,"column":12},"end":{"line":150,"column":7}},"type":"if","locations":[{"start":{"line":135,"column":12},"end":{"line":150,"column":7}},{"start":{"line":135,"column":12},"end":{"line":150,"column":7}}],"line":135},"3":{"loc":{"start":{"line":139,"column":12},"end":{"line":150,"column":7}},"type":"if","locations":[{"start":{"line":139,"column":12},"end":{"line":150,"column":7}},{"start":{"line":139,"column":12},"end":{"line":150,"column":7}}],"line":139},"4":{"loc":{"start":{"line":143,"column":12},"end":{"line":150,"column":7}},"type":"if","locations":[{"start":{"line":143,"column":12},"end":{"line":150,"column":7}},{"start":{"line":143,"column":12},"end":{"line":150,"column":7}}],"line":143},"5":{"loc":{"start":{"line":156,"column":8},"end":{"line":161,"column":9}},"type":"if","locations":[{"start":{"line":156,"column":8},"end":{"line":161,"column":9}},{"start":{"line":156,"column":8},"end":{"line":161,"column":9}}],"line":156},"6":{"loc":{"start":{"line":157,"column":14},"end":{"line":161,"column":9}},"type":"if","locations":[{"start":{"line":157,"column":14},"end":{"line":161,"column":9}},{"start":{"line":157,"column":14},"end":{"line":161,"column":9}}],"line":157},"7":{"loc":{"start":{"line":158,"column":14},"end":{"line":161,"column":9}},"type":"if","locations":[{"start":{"line":158,"column":14},"end":{"line":161,"column":9}},{"start":{"line":158,"column":14},"end":{"line":161,"column":9}}],"line":158},"8":{"loc":{"start":{"line":159,"column":14},"end":{"line":161,"column":9}},"type":"if","locations":[{"start":{"line":159,"column":14},"end":{"line":161,"column":9}},{"start":{"line":159,"column":14},"end":{"line":161,"column":9}}],"line":159},"9":{"loc":{"start":{"line":160,"column":14},"end":{"line":161,"column":9}},"type":"if","locations":[{"start":{"line":160,"column":14},"end":{"line":161,"column":9}},{"start":{"line":160,"column":14},"end":{"line":161,"column":9}}],"line":160}},"s":{"0":1,"1":1,"2":1,"3":6,"4":0,"5":6,"6":6,"7":6,"8":6,"9":6,"10":6,"11":6,"12":6,"13":6,"14":0,"15":6,"16":0,"17":6,"18":0,"19":6,"20":0,"21":6,"22":0,"23":0,"24":0,"25":0,"26":0,"27":6,"28":0,"29":0,"30":6,"31":6,"32":0,"33":0,"34":0,"35":0,"36":0,"37":0,"38":0,"39":0,"40":0,"41":6,"42":6,"43":0,"44":0,"45":0,"46":0,"47":0,"48":0,"49":0,"50":0,"51":0,"52":6,"53":0,"54":6},"f":{"0":6,"1":0,"2":0,"3":0,"4":0,"5":0,"6":0,"7":0,"8":0,"9":0,"10":0,"11":0,"12":6,"13":6,"14":0},"b":{"0":[6,0],"1":[0,0],"2":[0,0],"3":[0,0],"4":[0,0],"5":[6,0],"6":[0,0],"7":[0,0],"8":[0,0],"9":[0,0]},"_coverageSchema":"43e27e138ebf9cfc5966b082cf9a028302ed4184","hash":"6f2dc4ff2b0dfc6deb60a1a6a2f83012b3563d38"}
,"/home/aman_ahmed/apps/React/hu-2020-vmc/src/index.tsx": {"path":"/home/aman_ahmed/apps/React/hu-2020-vmc/src/index.tsx","statementMap":{"0":{"start":{"line":7,"column":0},"end":{"line":7,"column":58}},"1":{"start":{"line":12,"column":0},"end":{"line":12,"column":27}}},"fnMap":{},"branchMap":{},"s":{"0":0,"1":0},"f":{},"b":{},"hash":"ea4b03babd6b49bdb02cde008e69d9fb7ae1dfed"}
,"/home/aman_ahmed/apps/React/hu-2020-vmc/src/serviceWorker.ts": {"path":"/home/aman_ahmed/apps/React/hu-2020-vmc/src/serviceWorker.ts","statementMap":{"0":{"start":{"line":13,"column":20},"end":{"line":21,"column":1}},"1":{"start":{"line":29,"column":2},"end":{"line":62,"column":3}},"2":{"start":{"line":31,"column":22},"end":{"line":34,"column":5}},"3":{"start":{"line":35,"column":4},"end":{"line":40,"column":5}},"4":{"start":{"line":39,"column":6},"end":{"line":39,"column":13}},"5":{"start":{"line":42,"column":4},"end":{"line":61,"column":7}},"6":{"start":{"line":43,"column":20},"end":{"line":43,"column":65}},"7":{"start":{"line":45,"column":6},"end":{"line":60,"column":7}},"8":{"start":{"line":47,"column":8},"end":{"line":47,"column":47}},"9":{"start":{"line":51,"column":8},"end":{"line":56,"column":11}},"10":{"start":{"line":52,"column":10},"end":{"line":55,"column":12}},"11":{"start":{"line":59,"column":8},"end":{"line":59,"column":39}},"12":{"start":{"line":66,"column":2},"end":{"line":106,"column":7}},"13":{"start":{"line":69,"column":6},"end":{"line":102,"column":8}},"14":{"start":{"line":70,"column":33},"end":{"line":70,"column":56}},"15":{"start":{"line":71,"column":8},"end":{"line":73,"column":9}},"16":{"start":{"line":72,"column":10},"end":{"line":72,"column":17}},"17":{"start":{"line":74,"column":8},"end":{"line":101,"column":10}},"18":{"start":{"line":75,"column":10},"end":{"line":100,"column":11}},"19":{"start":{"line":76,"column":12},"end":{"line":99,"column":13}},"20":{"start":{"line":80,"column":14},"end":{"line":83,"column":16}},"21":{"start":{"line":86,"column":14},"end":{"line":88,"column":15}},"22":{"start":{"line":87,"column":16},"end":{"line":87,"column":46}},"23":{"start":{"line":93,"column":14},"end":{"line":93,"column":64}},"24":{"start":{"line":96,"column":14},"end":{"line":98,"column":15}},"25":{"start":{"line":97,"column":16},"end":{"line":97,"column":47}},"26":{"start":{"line":105,"column":6},"end":{"line":105,"column":72}},"27":{"start":{"line":111,"column":2},"end":{"line":136,"column":7}},"28":{"start":{"line":116,"column":26},"end":{"line":116,"column":62}},"29":{"start":{"line":117,"column":6},"end":{"line":130,"column":7}},"30":{"start":{"line":122,"column":8},"end":{"line":126,"column":11}},"31":{"start":{"line":123,"column":10},"end":{"line":125,"column":13}},"32":{"start":{"line":124,"column":12},"end":{"line":124,"column":37}},"33":{"start":{"line":129,"column":8},"end":{"line":129,"column":39}},"34":{"start":{"line":133,"column":6},"end":{"line":135,"column":8}},"35":{"start":{"line":140,"column":2},"end":{"line":144,"column":3}},"36":{"start":{"line":141,"column":4},"end":{"line":143,"column":7}},"37":{"start":{"line":142,"column":6},"end":{"line":142,"column":32}}},"fnMap":{"0":{"name":"register","decl":{"start":{"line":28,"column":16},"end":{"line":28,"column":24}},"loc":{"start":{"line":28,"column":42},"end":{"line":63,"column":1}},"line":28},"1":{"name":"(anonymous_1)","decl":{"start":{"line":42,"column":36},"end":{"line":42,"column":37}},"loc":{"start":{"line":42,"column":42},"end":{"line":61,"column":5}},"line":42},"2":{"name":"(anonymous_2)","decl":{"start":{"line":51,"column":43},"end":{"line":51,"column":44}},"loc":{"start":{"line":51,"column":49},"end":{"line":56,"column":9}},"line":51},"3":{"name":"registerValidSW","decl":{"start":{"line":65,"column":9},"end":{"line":65,"column":24}},"loc":{"start":{"line":65,"column":57},"end":{"line":107,"column":1}},"line":65},"4":{"name":"(anonymous_4)","decl":{"start":{"line":68,"column":10},"end":{"line":68,"column":11}},"loc":{"start":{"line":68,"column":26},"end":{"line":103,"column":5}},"line":68},"5":{"name":"(anonymous_5)","decl":{"start":{"line":69,"column":35},"end":{"line":69,"column":36}},"loc":{"start":{"line":69,"column":41},"end":{"line":102,"column":7}},"line":69},"6":{"name":"(anonymous_6)","decl":{"start":{"line":74,"column":41},"end":{"line":74,"column":42}},"loc":{"start":{"line":74,"column":47},"end":{"line":101,"column":9}},"line":74},"7":{"name":"(anonymous_7)","decl":{"start":{"line":104,"column":11},"end":{"line":104,"column":12}},"loc":{"start":{"line":104,"column":20},"end":{"line":106,"column":5}},"line":104},"8":{"name":"checkValidServiceWorker","decl":{"start":{"line":109,"column":9},"end":{"line":109,"column":32}},"loc":{"start":{"line":109,"column":65},"end":{"line":137,"column":1}},"line":109},"9":{"name":"(anonymous_9)","decl":{"start":{"line":114,"column":10},"end":{"line":114,"column":11}},"loc":{"start":{"line":114,"column":22},"end":{"line":131,"column":5}},"line":114},"10":{"name":"(anonymous_10)","decl":{"start":{"line":122,"column":43},"end":{"line":122,"column":44}},"loc":{"start":{"line":122,"column":59},"end":{"line":126,"column":9}},"line":122},"11":{"name":"(anonymous_11)","decl":{"start":{"line":123,"column":41},"end":{"line":123,"column":42}},"loc":{"start":{"line":123,"column":47},"end":{"line":125,"column":11}},"line":123},"12":{"name":"(anonymous_12)","decl":{"start":{"line":132,"column":11},"end":{"line":132,"column":12}},"loc":{"start":{"line":132,"column":17},"end":{"line":136,"column":5}},"line":132},"13":{"name":"unregister","decl":{"start":{"line":139,"column":16},"end":{"line":139,"column":26}},"loc":{"start":{"line":139,"column":29},"end":{"line":145,"column":1}},"line":139},"14":{"name":"(anonymous_14)","decl":{"start":{"line":141,"column":39},"end":{"line":141,"column":40}},"loc":{"start":{"line":141,"column":55},"end":{"line":143,"column":5}},"line":141}},"branchMap":{"0":{"loc":{"start":{"line":14,"column":2},"end":{"line":20,"column":5}},"type":"binary-expr","locations":[{"start":{"line":14,"column":2},"end":{"line":14,"column":42}},{"start":{"line":16,"column":4},"end":{"line":16,"column":40}},{"start":{"line":18,"column":4},"end":{"line":20,"column":5}}],"line":14},"1":{"loc":{"start":{"line":29,"column":2},"end":{"line":62,"column":3}},"type":"if","locations":[{"start":{"line":29,"column":2},"end":{"line":62,"column":3}},{"start":{"line":29,"column":2},"end":{"line":62,"column":3}}],"line":29},"2":{"loc":{"start":{"line":29,"column":6},"end":{"line":29,"column":75}},"type":"binary-expr","locations":[{"start":{"line":29,"column":6},"end":{"line":29,"column":43}},{"start":{"line":29,"column":47},"end":{"line":29,"column":75}}],"line":29},"3":{"loc":{"start":{"line":35,"column":4},"end":{"line":40,"column":5}},"type":"if","locations":[{"start":{"line":35,"column":4},"end":{"line":40,"column":5}},{"start":{"line":35,"column":4},"end":{"line":40,"column":5}}],"line":35},"4":{"loc":{"start":{"line":45,"column":6},"end":{"line":60,"column":7}},"type":"if","locations":[{"start":{"line":45,"column":6},"end":{"line":60,"column":7}},{"start":{"line":45,"column":6},"end":{"line":60,"column":7}}],"line":45},"5":{"loc":{"start":{"line":71,"column":8},"end":{"line":73,"column":9}},"type":"if","locations":[{"start":{"line":71,"column":8},"end":{"line":73,"column":9}},{"start":{"line":71,"column":8},"end":{"line":73,"column":9}}],"line":71},"6":{"loc":{"start":{"line":75,"column":10},"end":{"line":100,"column":11}},"type":"if","locations":[{"start":{"line":75,"column":10},"end":{"line":100,"column":11}},{"start":{"line":75,"column":10},"end":{"line":100,"column":11}}],"line":75},"7":{"loc":{"start":{"line":76,"column":12},"end":{"line":99,"column":13}},"type":"if","locations":[{"start":{"line":76,"column":12},"end":{"line":99,"column":13}},{"start":{"line":76,"column":12},"end":{"line":99,"column":13}}],"line":76},"8":{"loc":{"start":{"line":86,"column":14},"end":{"line":88,"column":15}},"type":"if","locations":[{"start":{"line":86,"column":14},"end":{"line":88,"column":15}},{"start":{"line":86,"column":14},"end":{"line":88,"column":15}}],"line":86},"9":{"loc":{"start":{"line":86,"column":18},"end":{"line":86,"column":43}},"type":"binary-expr","locations":[{"start":{"line":86,"column":18},"end":{"line":86,"column":24}},{"start":{"line":86,"column":28},"end":{"line":86,"column":43}}],"line":86},"10":{"loc":{"start":{"line":96,"column":14},"end":{"line":98,"column":15}},"type":"if","locations":[{"start":{"line":96,"column":14},"end":{"line":98,"column":15}},{"start":{"line":96,"column":14},"end":{"line":98,"column":15}}],"line":96},"11":{"loc":{"start":{"line":96,"column":18},"end":{"line":96,"column":44}},"type":"binary-expr","locations":[{"start":{"line":96,"column":18},"end":{"line":96,"column":24}},{"start":{"line":96,"column":28},"end":{"line":96,"column":44}}],"line":96},"12":{"loc":{"start":{"line":117,"column":6},"end":{"line":130,"column":7}},"type":"if","locations":[{"start":{"line":117,"column":6},"end":{"line":130,"column":7}},{"start":{"line":117,"column":6},"end":{"line":130,"column":7}}],"line":117},"13":{"loc":{"start":{"line":118,"column":8},"end":{"line":119,"column":73}},"type":"binary-expr","locations":[{"start":{"line":118,"column":8},"end":{"line":118,"column":31}},{"start":{"line":119,"column":9},"end":{"line":119,"column":28}},{"start":{"line":119,"column":32},"end":{"line":119,"column":72}}],"line":118},"14":{"loc":{"start":{"line":140,"column":2},"end":{"line":144,"column":3}},"type":"if","locations":[{"start":{"line":140,"column":2},"end":{"line":144,"column":3}},{"start":{"line":140,"column":2},"end":{"line":144,"column":3}}],"line":140}},"s":{"0":0,"1":0,"2":0,"3":0,"4":0,"5":0,"6":0,"7":0,"8":0,"9":0,"10":0,"11":0,"12":0,"13":0,"14":0,"15":0,"16":0,"17":0,"18":0,"19":0,"20":0,"21":0,"22":0,"23":0,"24":0,"25":0,"26":0,"27":0,"28":0,"29":0,"30":0,"31":0,"32":0,"33":0,"34":0,"35":0,"36":0,"37":0},"f":{"0":0,"1":0,"2":0,"3":0,"4":0,"5":0,"6":0,"7":0,"8":0,"9":0,"10":0,"11":0,"12":0,"13":0,"14":0},"b":{"0":[0,0,0],"1":[0,0],"2":[0,0],"3":[0,0],"4":[0,0],"5":[0,0],"6":[0,0],"7":[0,0],"8":[0,0],"9":[0,0],"10":[0,0],"11":[0,0],"12":[0,0],"13":[0,0,0],"14":[0,0]},"hash":"109efb116f29e50dd2558c513e3fcaef24720d17"}
,"/home/aman_ahmed/apps/React/hu-2020-vmc/src/components/ChooseImage/index.tsx": {"path":"/home/aman_ahmed/apps/React/hu-2020-vmc/src/components/ChooseImage/index.tsx","statementMap":{"0":{"start":{"line":29,"column":18},"end":{"line":67,"column":3}},"1":{"start":{"line":97,"column":8},"end":{"line":97,"column":32}},"2":{"start":{"line":98,"column":8},"end":{"line":98,"column":33}},"3":{"start":{"line":101,"column":8},"end":{"line":101,"column":32}},"4":{"start":{"line":102,"column":8},"end":{"line":102,"column":33}},"5":{"start":{"line":105,"column":8},"end":{"line":105,"column":39}},"6":{"start":{"line":106,"column":8},"end":{"line":106,"column":33}},"7":{"start":{"line":112,"column":4},"end":{"line":120,"column":6}},"8":{"start":{"line":116,"column":12},"end":{"line":117,"column":90}},"9":{"start":{"line":126,"column":8},"end":{"line":126,"column":38}},"10":{"start":{"line":127,"column":8},"end":{"line":127,"column":38}},"11":{"start":{"line":128,"column":8},"end":{"line":128,"column":52}},"12":{"start":{"line":131,"column":4},"end":{"line":148,"column":6}}},"fnMap":{"0":{"name":"ImageCardList","decl":{"start":{"line":92,"column":16},"end":{"line":92,"column":29}},"loc":{"start":{"line":92,"column":50},"end":{"line":121,"column":1}},"line":92},"1":{"name":"setName","decl":{"start":{"line":96,"column":13},"end":{"line":96,"column":20}},"loc":{"start":{"line":96,"column":32},"end":{"line":99,"column":5}},"line":96},"2":{"name":"setCost","decl":{"start":{"line":100,"column":13},"end":{"line":100,"column":20}},"loc":{"start":{"line":100,"column":32},"end":{"line":103,"column":5}},"line":100},"3":{"name":"setDescription","decl":{"start":{"line":104,"column":13},"end":{"line":104,"column":27}},"loc":{"start":{"line":104,"column":39},"end":{"line":107,"column":5}},"line":104},"4":{"name":"setType","decl":{"start":{"line":108,"column":13},"end":{"line":108,"column":20}},"loc":{"start":{"line":108,"column":32},"end":{"line":110,"column":5}},"line":108},"5":{"name":"(anonymous_5)","decl":{"start":{"line":115,"column":31},"end":{"line":115,"column":32}},"loc":{"start":{"line":116,"column":12},"end":{"line":117,"column":90}},"line":116},"6":{"name":"ImageCard","decl":{"start":{"line":123,"column":9},"end":{"line":123,"column":18}},"loc":{"start":{"line":123,"column":36},"end":{"line":149,"column":1}},"line":123},"7":{"name":"setCard","decl":{"start":{"line":125,"column":13},"end":{"line":125,"column":20}},"loc":{"start":{"line":125,"column":22},"end":{"line":129,"column":5}},"line":125}},"branchMap":{},"s":{"0":2,"1":0,"2":0,"3":0,"4":0,"5":0,"6":0,"7":9,"8":45,"9":0,"10":0,"11":0,"12":45},"f":{"0":9,"1":0,"2":0,"3":0,"4":0,"5":45,"6":45,"7":0},"b":{},"_coverageSchema":"43e27e138ebf9cfc5966b082cf9a028302ed4184","hash":"d8196962514696e1053211ff4c879d33301e080e"}
,"/home/aman_ahmed/apps/React/hu-2020-vmc/src/components/ChooseInstance/index.tsx": {"path":"/home/aman_ahmed/apps/React/hu-2020-vmc/src/components/ChooseInstance/index.tsx","statementMap":{"0":{"start":{"line":12,"column":49},"end":{"line":142,"column":1}},"1":{"start":{"line":15,"column":22},"end":{"line":15,"column":23}},"2":{"start":{"line":19,"column":8},"end":{"line":19,"column":32}},"3":{"start":{"line":20,"column":8},"end":{"line":20,"column":33}},"4":{"start":{"line":24,"column":8},"end":{"line":24,"column":34}},"5":{"start":{"line":25,"column":8},"end":{"line":25,"column":33}},"6":{"start":{"line":33,"column":8},"end":{"line":111,"column":9}},"7":{"start":{"line":34,"column":12},"end":{"line":51,"column":14}},"8":{"start":{"line":39,"column":70},"end":{"line":39,"column":87}},"9":{"start":{"line":40,"column":70},"end":{"line":40,"column":87}},"10":{"start":{"line":41,"column":70},"end":{"line":41,"column":87}},"11":{"start":{"line":44,"column":49},"end":{"line":44,"column":67}},"12":{"start":{"line":45,"column":49},"end":{"line":45,"column":67}},"13":{"start":{"line":46,"column":49},"end":{"line":46,"column":65}},"14":{"start":{"line":47,"column":49},"end":{"line":47,"column":65}},"15":{"start":{"line":48,"column":49},"end":{"line":48,"column":65}},"16":{"start":{"line":52,"column":14},"end":{"line":111,"column":9}},"17":{"start":{"line":53,"column":12},"end":{"line":68,"column":14}},"18":{"start":{"line":58,"column":70},"end":{"line":58,"column":87}},"19":{"start":{"line":59,"column":70},"end":{"line":59,"column":87}},"20":{"start":{"line":60,"column":70},"end":{"line":60,"column":88}},"21":{"start":{"line":63,"column":46},"end":{"line":63,"column":63}},"22":{"start":{"line":64,"column":46},"end":{"line":64,"column":63}},"23":{"start":{"line":65,"column":46},"end":{"line":65,"column":63}},"24":{"start":{"line":69,"column":14},"end":{"line":111,"column":9}},"25":{"start":{"line":70,"column":12},"end":{"line":86,"column":14}},"26":{"start":{"line":75,"column":67},"end":{"line":75,"column":84}},"27":{"start":{"line":76,"column":67},"end":{"line":76,"column":84}},"28":{"start":{"line":77,"column":67},"end":{"line":77,"column":84}},"29":{"start":{"line":78,"column":67},"end":{"line":78,"column":85}},"30":{"start":{"line":81,"column":42},"end":{"line":81,"column":59}},"31":{"start":{"line":82,"column":42},"end":{"line":82,"column":59}},"32":{"start":{"line":83,"column":42},"end":{"line":83,"column":59}},"33":{"start":{"line":87,"column":14},"end":{"line":111,"column":9}},"34":{"start":{"line":88,"column":12},"end":{"line":110,"column":14}},"35":{"start":{"line":93,"column":67},"end":{"line":93,"column":84}},"36":{"start":{"line":94,"column":67},"end":{"line":94,"column":84}},"37":{"start":{"line":95,"column":67},"end":{"line":95,"column":84}},"38":{"start":{"line":96,"column":67},"end":{"line":96,"column":84}},"39":{"start":{"line":97,"column":67},"end":{"line":97,"column":85}},"40":{"start":{"line":100,"column":46},"end":{"line":100,"column":64}},"41":{"start":{"line":101,"column":46},"end":{"line":101,"column":64}},"42":{"start":{"line":102,"column":46},"end":{"line":102,"column":62}},"43":{"start":{"line":103,"column":46},"end":{"line":103,"column":62}},"44":{"start":{"line":104,"column":46},"end":{"line":104,"column":62}},"45":{"start":{"line":105,"column":46},"end":{"line":105,"column":62}},"46":{"start":{"line":106,"column":46},"end":{"line":106,"column":62}},"47":{"start":{"line":107,"column":46},"end":{"line":107,"column":62}},"48":{"start":{"line":113,"column":8},"end":{"line":113,"column":20}},"49":{"start":{"line":121,"column":22},"end":{"line":121,"column":29}},"50":{"start":{"line":122,"column":22},"end":{"line":122,"column":29}},"51":{"start":{"line":123,"column":22},"end":{"line":123,"column":29}},"52":{"start":{"line":124,"column":22},"end":{"line":124,"column":29}},"53":{"start":{"line":126,"column":4},"end":{"line":141,"column":6}},"54":{"start":{"line":139,"column":31},"end":{"line":139,"column":55}}},"fnMap":{"0":{"name":"(anonymous_0)","decl":{"start":{"line":12,"column":49},"end":{"line":12,"column":50}},"loc":{"start":{"line":12,"column":85},"end":{"line":142,"column":1}},"line":12},"1":{"name":"setCore","decl":{"start":{"line":18,"column":13},"end":{"line":18,"column":20}},"loc":{"start":{"line":18,"column":34},"end":{"line":22,"column":5}},"line":18},"2":{"name":"setMemory","decl":{"start":{"line":23,"column":13},"end":{"line":23,"column":22}},"loc":{"start":{"line":23,"column":36},"end":{"line":27,"column":5}},"line":23},"3":{"name":"InstanceDisplay","decl":{"start":{"line":29,"column":13},"end":{"line":29,"column":28}},"loc":{"start":{"line":29,"column":30},"end":{"line":114,"column":5}},"line":29},"4":{"name":"(anonymous_4)","decl":{"start":{"line":39,"column":66},"end":{"line":39,"column":67}},"loc":{"start":{"line":39,"column":70},"end":{"line":39,"column":87}},"line":39},"5":{"name":"(anonymous_5)","decl":{"start":{"line":40,"column":66},"end":{"line":40,"column":67}},"loc":{"start":{"line":40,"column":70},"end":{"line":40,"column":87}},"line":40},"6":{"name":"(anonymous_6)","decl":{"start":{"line":41,"column":66},"end":{"line":41,"column":67}},"loc":{"start":{"line":41,"column":70},"end":{"line":41,"column":87}},"line":41},"7":{"name":"(anonymous_7)","decl":{"start":{"line":44,"column":45},"end":{"line":44,"column":46}},"loc":{"start":{"line":44,"column":49},"end":{"line":44,"column":67}},"line":44},"8":{"name":"(anonymous_8)","decl":{"start":{"line":45,"column":45},"end":{"line":45,"column":46}},"loc":{"start":{"line":45,"column":49},"end":{"line":45,"column":67}},"line":45},"9":{"name":"(anonymous_9)","decl":{"start":{"line":46,"column":45},"end":{"line":46,"column":46}},"loc":{"start":{"line":46,"column":49},"end":{"line":46,"column":65}},"line":46},"10":{"name":"(anonymous_10)","decl":{"start":{"line":47,"column":45},"end":{"line":47,"column":46}},"loc":{"start":{"line":47,"column":49},"end":{"line":47,"column":65}},"line":47},"11":{"name":"(anonymous_11)","decl":{"start":{"line":48,"column":45},"end":{"line":48,"column":46}},"loc":{"start":{"line":48,"column":49},"end":{"line":48,"column":65}},"line":48},"12":{"name":"(anonymous_12)","decl":{"start":{"line":58,"column":66},"end":{"line":58,"column":67}},"loc":{"start":{"line":58,"column":70},"end":{"line":58,"column":87}},"line":58},"13":{"name":"(anonymous_13)","decl":{"start":{"line":59,"column":66},"end":{"line":59,"column":67}},"loc":{"start":{"line":59,"column":70},"end":{"line":59,"column":87}},"line":59},"14":{"name":"(anonymous_14)","decl":{"start":{"line":60,"column":66},"end":{"line":60,"column":67}},"loc":{"start":{"line":60,"column":70},"end":{"line":60,"column":88}},"line":60},"15":{"name":"(anonymous_15)","decl":{"start":{"line":63,"column":42},"end":{"line":63,"column":43}},"loc":{"start":{"line":63,"column":46},"end":{"line":63,"column":63}},"line":63},"16":{"name":"(anonymous_16)","decl":{"start":{"line":64,"column":42},"end":{"line":64,"column":43}},"loc":{"start":{"line":64,"column":46},"end":{"line":64,"column":63}},"line":64},"17":{"name":"(anonymous_17)","decl":{"start":{"line":65,"column":42},"end":{"line":65,"column":43}},"loc":{"start":{"line":65,"column":46},"end":{"line":65,"column":63}},"line":65},"18":{"name":"(anonymous_18)","decl":{"start":{"line":75,"column":63},"end":{"line":75,"column":64}},"loc":{"start":{"line":75,"column":67},"end":{"line":75,"column":84}},"line":75},"19":{"name":"(anonymous_19)","decl":{"start":{"line":76,"column":63},"end":{"line":76,"column":64}},"loc":{"start":{"line":76,"column":67},"end":{"line":76,"column":84}},"line":76},"20":{"name":"(anonymous_20)","decl":{"start":{"line":77,"column":63},"end":{"line":77,"column":64}},"loc":{"start":{"line":77,"column":67},"end":{"line":77,"column":84}},"line":77},"21":{"name":"(anonymous_21)","decl":{"start":{"line":78,"column":63},"end":{"line":78,"column":64}},"loc":{"start":{"line":78,"column":67},"end":{"line":78,"column":85}},"line":78},"22":{"name":"(anonymous_22)","decl":{"start":{"line":81,"column":38},"end":{"line":81,"column":39}},"loc":{"start":{"line":81,"column":42},"end":{"line":81,"column":59}},"line":81},"23":{"name":"(anonymous_23)","decl":{"start":{"line":82,"column":38},"end":{"line":82,"column":39}},"loc":{"start":{"line":82,"column":42},"end":{"line":82,"column":59}},"line":82},"24":{"name":"(anonymous_24)","decl":{"start":{"line":83,"column":38},"end":{"line":83,"column":39}},"loc":{"start":{"line":83,"column":42},"end":{"line":83,"column":59}},"line":83},"25":{"name":"(anonymous_25)","decl":{"start":{"line":93,"column":63},"end":{"line":93,"column":64}},"loc":{"start":{"line":93,"column":67},"end":{"line":93,"column":84}},"line":93},"26":{"name":"(anonymous_26)","decl":{"start":{"line":94,"column":63},"end":{"line":94,"column":64}},"loc":{"start":{"line":94,"column":67},"end":{"line":94,"column":84}},"line":94},"27":{"name":"(anonymous_27)","decl":{"start":{"line":95,"column":63},"end":{"line":95,"column":64}},"loc":{"start":{"line":95,"column":67},"end":{"line":95,"column":84}},"line":95},"28":{"name":"(anonymous_28)","decl":{"start":{"line":96,"column":63},"end":{"line":96,"column":64}},"loc":{"start":{"line":96,"column":67},"end":{"line":96,"column":84}},"line":96},"29":{"name":"(anonymous_29)","decl":{"start":{"line":97,"column":63},"end":{"line":97,"column":64}},"loc":{"start":{"line":97,"column":67},"end":{"line":97,"column":85}},"line":97},"30":{"name":"(anonymous_30)","decl":{"start":{"line":100,"column":42},"end":{"line":100,"column":43}},"loc":{"start":{"line":100,"column":46},"end":{"line":100,"column":64}},"line":100},"31":{"name":"(anonymous_31)","decl":{"start":{"line":101,"column":42},"end":{"line":101,"column":43}},"loc":{"start":{"line":101,"column":46},"end":{"line":101,"column":64}},"line":101},"32":{"name":"(anonymous_32)","decl":{"start":{"line":102,"column":42},"end":{"line":102,"column":43}},"loc":{"start":{"line":102,"column":46},"end":{"line":102,"column":62}},"line":102},"33":{"name":"(anonymous_33)","decl":{"start":{"line":103,"column":42},"end":{"line":103,"column":43}},"loc":{"start":{"line":103,"column":46},"end":{"line":103,"column":62}},"line":103},"34":{"name":"(anonymous_34)","decl":{"start":{"line":104,"column":42},"end":{"line":104,"column":43}},"loc":{"start":{"line":104,"column":46},"end":{"line":104,"column":62}},"line":104},"35":{"name":"(anonymous_35)","decl":{"start":{"line":105,"column":42},"end":{"line":105,"column":43}},"loc":{"start":{"line":105,"column":46},"end":{"line":105,"column":62}},"line":105},"36":{"name":"(anonymous_36)","decl":{"start":{"line":106,"column":42},"end":{"line":106,"column":43}},"loc":{"start":{"line":106,"column":46},"end":{"line":106,"column":62}},"line":106},"37":{"name":"(anonymous_37)","decl":{"start":{"line":107,"column":42},"end":{"line":107,"column":43}},"loc":{"start":{"line":107,"column":46},"end":{"line":107,"column":62}},"line":107},"38":{"name":"setSm1","decl":{"start":{"line":121,"column":13},"end":{"line":121,"column":19}},"loc":{"start":{"line":121,"column":21},"end":{"line":121,"column":30}},"line":121},"39":{"name":"setSm2","decl":{"start":{"line":122,"column":13},"end":{"line":122,"column":19}},"loc":{"start":{"line":122,"column":21},"end":{"line":122,"column":30}},"line":122},"40":{"name":"setSm3","decl":{"start":{"line":123,"column":13},"end":{"line":123,"column":19}},"loc":{"start":{"line":123,"column":21},"end":{"line":123,"column":30}},"line":123},"41":{"name":"setSm4","decl":{"start":{"line":124,"column":13},"end":{"line":124,"column":19}},"loc":{"start":{"line":124,"column":21},"end":{"line":124,"column":30}},"line":124},"42":{"name":"(anonymous_42)","decl":{"start":{"line":139,"column":27},"end":{"line":139,"column":28}},"loc":{"start":{"line":139,"column":31},"end":{"line":139,"column":55}},"line":139}},"branchMap":{"0":{"loc":{"start":{"line":33,"column":8},"end":{"line":111,"column":9}},"type":"if","locations":[{"start":{"line":33,"column":8},"end":{"line":111,"column":9}},{"start":{"line":33,"column":8},"end":{"line":111,"column":9}}],"line":33},"1":{"loc":{"start":{"line":52,"column":14},"end":{"line":111,"column":9}},"type":"if","locations":[{"start":{"line":52,"column":14},"end":{"line":111,"column":9}},{"start":{"line":52,"column":14},"end":{"line":111,"column":9}}],"line":52},"2":{"loc":{"start":{"line":69,"column":14},"end":{"line":111,"column":9}},"type":"if","locations":[{"start":{"line":69,"column":14},"end":{"line":111,"column":9}},{"start":{"line":69,"column":14},"end":{"line":111,"column":9}}],"line":69},"3":{"loc":{"start":{"line":87,"column":14},"end":{"line":111,"column":9}},"type":"if","locations":[{"start":{"line":87,"column":14},"end":{"line":111,"column":9}},{"start":{"line":87,"column":14},"end":{"line":111,"column":9}}],"line":87}},"s":{"0":0,"1":0,"2":0,"3":0,"4":0,"5":0,"6":0,"7":0,"8":0,"9":0,"10":0,"11":0,"12":0,"13":0,"14":0,"15":0,"16":0,"17":0,"18":0,"19":0,"20":0,"21":0,"22":0,"23":0,"24":0,"25":0,"26":0,"27":0,"28":0,"29":0,"30":0,"31":0,"32":0,"33":0,"34":0,"35":0,"36":0,"37":0,"38":0,"39":0,"40":0,"41":0,"42":0,"43":0,"44":0,"45":0,"46":0,"47":0,"48":0,"49":0,"50":0,"51":0,"52":0,"53":0,"54":0},"f":{"0":0,"1":0,"2":0,"3":0,"4":0,"5":0,"6":0,"7":0,"8":0,"9":0,"10":0,"11":0,"12":0,"13":0,"14":0,"15":0,"16":0,"17":0,"18":0,"19":0,"20":0,"21":0,"22":0,"23":0,"24":0,"25":0,"26":0,"27":0,"28":0,"29":0,"30":0,"31":0,"32":0,"33":0,"34":0,"35":0,"36":0,"37":0,"38":0,"39":0,"40":0,"41":0,"42":0},"b":{"0":[0,0],"1":[0,0],"2":[0,0],"3":[0,0]},"hash":"9224797ffce18d99ab76bf9087cb717ec0cf774b"}
,"/home/aman_ahmed/apps/React/hu-2020-vmc/src/components/ChooseInstance/index2.tsx": {"path":"/home/aman_ahmed/apps/React/hu-2020-vmc/src/components/ChooseInstance/index2.tsx","statementMap":{"0":{"start":{"line":10,"column":43},"end":{"line":19,"column":1}},"1":{"start":{"line":12,"column":4},"end":{"line":12,"column":25}},"2":{"start":{"line":13,"column":4},"end":{"line":13,"column":27}},"3":{"start":{"line":14,"column":4},"end":{"line":14,"column":26}},"4":{"start":{"line":16,"column":4},"end":{"line":18,"column":6}}},"fnMap":{"0":{"name":"(anonymous_0)","decl":{"start":{"line":10,"column":43},"end":{"line":10,"column":44}},"loc":{"start":{"line":10,"column":73},"end":{"line":19,"column":1}},"line":10}},"branchMap":{},"s":{"0":0,"1":0,"2":0,"3":0,"4":0},"f":{"0":0},"b":{},"hash":"2744feaf8401fde8888b6f53e560531b03c3dd45"}
,"/home/aman_ahmed/apps/React/hu-2020-vmc/src/components/ChooseInstance2/index.tsx": {"path":"/home/aman_ahmed/apps/React/hu-2020-vmc/src/components/ChooseInstance2/index.tsx","statementMap":{"0":{"start":{"line":10,"column":44},"end":{"line":122,"column":1}},"1":{"start":{"line":14,"column":4},"end":{"line":14,"column":39}},"2":{"start":{"line":15,"column":4},"end":{"line":15,"column":26}},"3":{"start":{"line":16,"column":4},"end":{"line":16,"column":26}},"4":{"start":{"line":18,"column":4},"end":{"line":18,"column":26}},"5":{"start":{"line":21,"column":8},"end":{"line":21,"column":18}},"6":{"start":{"line":22,"column":8},"end":{"line":22,"column":30}},"7":{"start":{"line":25,"column":8},"end":{"line":25,"column":18}},"8":{"start":{"line":26,"column":8},"end":{"line":26,"column":30}},"9":{"start":{"line":31,"column":8},"end":{"line":109,"column":9}},"10":{"start":{"line":32,"column":12},"end":{"line":49,"column":14}},"11":{"start":{"line":37,"column":78},"end":{"line":37,"column":95}},"12":{"start":{"line":38,"column":78},"end":{"line":38,"column":95}},"13":{"start":{"line":39,"column":78},"end":{"line":39,"column":95}},"14":{"start":{"line":42,"column":49},"end":{"line":42,"column":67}},"15":{"start":{"line":43,"column":49},"end":{"line":43,"column":67}},"16":{"start":{"line":44,"column":49},"end":{"line":44,"column":65}},"17":{"start":{"line":45,"column":49},"end":{"line":45,"column":65}},"18":{"start":{"line":46,"column":49},"end":{"line":46,"column":65}},"19":{"start":{"line":50,"column":14},"end":{"line":109,"column":9}},"20":{"start":{"line":51,"column":12},"end":{"line":66,"column":14}},"21":{"start":{"line":56,"column":70},"end":{"line":56,"column":87}},"22":{"start":{"line":57,"column":70},"end":{"line":57,"column":87}},"23":{"start":{"line":58,"column":70},"end":{"line":58,"column":88}},"24":{"start":{"line":61,"column":46},"end":{"line":61,"column":63}},"25":{"start":{"line":62,"column":46},"end":{"line":62,"column":63}},"26":{"start":{"line":63,"column":46},"end":{"line":63,"column":63}},"27":{"start":{"line":67,"column":14},"end":{"line":109,"column":9}},"28":{"start":{"line":68,"column":12},"end":{"line":84,"column":14}},"29":{"start":{"line":73,"column":67},"end":{"line":73,"column":84}},"30":{"start":{"line":74,"column":67},"end":{"line":74,"column":84}},"31":{"start":{"line":75,"column":67},"end":{"line":75,"column":84}},"32":{"start":{"line":76,"column":67},"end":{"line":76,"column":85}},"33":{"start":{"line":79,"column":42},"end":{"line":79,"column":59}},"34":{"start":{"line":80,"column":42},"end":{"line":80,"column":59}},"35":{"start":{"line":81,"column":42},"end":{"line":81,"column":59}},"36":{"start":{"line":85,"column":14},"end":{"line":109,"column":9}},"37":{"start":{"line":86,"column":12},"end":{"line":108,"column":14}},"38":{"start":{"line":91,"column":67},"end":{"line":91,"column":84}},"39":{"start":{"line":92,"column":67},"end":{"line":92,"column":84}},"40":{"start":{"line":93,"column":67},"end":{"line":93,"column":84}},"41":{"start":{"line":94,"column":67},"end":{"line":94,"column":84}},"42":{"start":{"line":95,"column":67},"end":{"line":95,"column":85}},"43":{"start":{"line":98,"column":46},"end":{"line":98,"column":64}},"44":{"start":{"line":99,"column":46},"end":{"line":99,"column":64}},"45":{"start":{"line":100,"column":46},"end":{"line":100,"column":62}},"46":{"start":{"line":101,"column":46},"end":{"line":101,"column":62}},"47":{"start":{"line":102,"column":46},"end":{"line":102,"column":62}},"48":{"start":{"line":103,"column":46},"end":{"line":103,"column":62}},"49":{"start":{"line":104,"column":46},"end":{"line":104,"column":62}},"50":{"start":{"line":105,"column":46},"end":{"line":105,"column":62}},"51":{"start":{"line":110,"column":8},"end":{"line":110,"column":20}},"52":{"start":{"line":114,"column":4},"end":{"line":121,"column":6}}},"fnMap":{"0":{"name":"(anonymous_0)","decl":{"start":{"line":10,"column":44},"end":{"line":10,"column":45}},"loc":{"start":{"line":10,"column":75},"end":{"line":122,"column":1}},"line":10},"1":{"name":"test","decl":{"start":{"line":13,"column":13},"end":{"line":13,"column":17}},"loc":{"start":{"line":13,"column":19},"end":{"line":19,"column":5}},"line":13},"2":{"name":"setCore","decl":{"start":{"line":20,"column":13},"end":{"line":20,"column":20}},"loc":{"start":{"line":20,"column":32},"end":{"line":23,"column":5}},"line":20},"3":{"name":"setMemory","decl":{"start":{"line":24,"column":13},"end":{"line":24,"column":22}},"loc":{"start":{"line":24,"column":34},"end":{"line":27,"column":5}},"line":24},"4":{"name":"InstanceDisplay","decl":{"start":{"line":29,"column":13},"end":{"line":29,"column":28}},"loc":{"start":{"line":29,"column":30},"end":{"line":111,"column":5}},"line":29},"5":{"name":"(anonymous_5)","decl":{"start":{"line":37,"column":74},"end":{"line":37,"column":75}},"loc":{"start":{"line":37,"column":78},"end":{"line":37,"column":95}},"line":37},"6":{"name":"(anonymous_6)","decl":{"start":{"line":38,"column":74},"end":{"line":38,"column":75}},"loc":{"start":{"line":38,"column":78},"end":{"line":38,"column":95}},"line":38},"7":{"name":"(anonymous_7)","decl":{"start":{"line":39,"column":74},"end":{"line":39,"column":75}},"loc":{"start":{"line":39,"column":78},"end":{"line":39,"column":95}},"line":39},"8":{"name":"(anonymous_8)","decl":{"start":{"line":42,"column":45},"end":{"line":42,"column":46}},"loc":{"start":{"line":42,"column":49},"end":{"line":42,"column":67}},"line":42},"9":{"name":"(anonymous_9)","decl":{"start":{"line":43,"column":45},"end":{"line":43,"column":46}},"loc":{"start":{"line":43,"column":49},"end":{"line":43,"column":67}},"line":43},"10":{"name":"(anonymous_10)","decl":{"start":{"line":44,"column":45},"end":{"line":44,"column":46}},"loc":{"start":{"line":44,"column":49},"end":{"line":44,"column":65}},"line":44},"11":{"name":"(anonymous_11)","decl":{"start":{"line":45,"column":45},"end":{"line":45,"column":46}},"loc":{"start":{"line":45,"column":49},"end":{"line":45,"column":65}},"line":45},"12":{"name":"(anonymous_12)","decl":{"start":{"line":46,"column":45},"end":{"line":46,"column":46}},"loc":{"start":{"line":46,"column":49},"end":{"line":46,"column":65}},"line":46},"13":{"name":"(anonymous_13)","decl":{"start":{"line":56,"column":66},"end":{"line":56,"column":67}},"loc":{"start":{"line":56,"column":70},"end":{"line":56,"column":87}},"line":56},"14":{"name":"(anonymous_14)","decl":{"start":{"line":57,"column":66},"end":{"line":57,"column":67}},"loc":{"start":{"line":57,"column":70},"end":{"line":57,"column":87}},"line":57},"15":{"name":"(anonymous_15)","decl":{"start":{"line":58,"column":66},"end":{"line":58,"column":67}},"loc":{"start":{"line":58,"column":70},"end":{"line":58,"column":88}},"line":58},"16":{"name":"(anonymous_16)","decl":{"start":{"line":61,"column":42},"end":{"line":61,"column":43}},"loc":{"start":{"line":61,"column":46},"end":{"line":61,"column":63}},"line":61},"17":{"name":"(anonymous_17)","decl":{"start":{"line":62,"column":42},"end":{"line":62,"column":43}},"loc":{"start":{"line":62,"column":46},"end":{"line":62,"column":63}},"line":62},"18":{"name":"(anonymous_18)","decl":{"start":{"line":63,"column":42},"end":{"line":63,"column":43}},"loc":{"start":{"line":63,"column":46},"end":{"line":63,"column":63}},"line":63},"19":{"name":"(anonymous_19)","decl":{"start":{"line":73,"column":63},"end":{"line":73,"column":64}},"loc":{"start":{"line":73,"column":67},"end":{"line":73,"column":84}},"line":73},"20":{"name":"(anonymous_20)","decl":{"start":{"line":74,"column":63},"end":{"line":74,"column":64}},"loc":{"start":{"line":74,"column":67},"end":{"line":74,"column":84}},"line":74},"21":{"name":"(anonymous_21)","decl":{"start":{"line":75,"column":63},"end":{"line":75,"column":64}},"loc":{"start":{"line":75,"column":67},"end":{"line":75,"column":84}},"line":75},"22":{"name":"(anonymous_22)","decl":{"start":{"line":76,"column":63},"end":{"line":76,"column":64}},"loc":{"start":{"line":76,"column":67},"end":{"line":76,"column":85}},"line":76},"23":{"name":"(anonymous_23)","decl":{"start":{"line":79,"column":38},"end":{"line":79,"column":39}},"loc":{"start":{"line":79,"column":42},"end":{"line":79,"column":59}},"line":79},"24":{"name":"(anonymous_24)","decl":{"start":{"line":80,"column":38},"end":{"line":80,"column":39}},"loc":{"start":{"line":80,"column":42},"end":{"line":80,"column":59}},"line":80},"25":{"name":"(anonymous_25)","decl":{"start":{"line":81,"column":38},"end":{"line":81,"column":39}},"loc":{"start":{"line":81,"column":42},"end":{"line":81,"column":59}},"line":81},"26":{"name":"(anonymous_26)","decl":{"start":{"line":91,"column":63},"end":{"line":91,"column":64}},"loc":{"start":{"line":91,"column":67},"end":{"line":91,"column":84}},"line":91},"27":{"name":"(anonymous_27)","decl":{"start":{"line":92,"column":63},"end":{"line":92,"column":64}},"loc":{"start":{"line":92,"column":67},"end":{"line":92,"column":84}},"line":92},"28":{"name":"(anonymous_28)","decl":{"start":{"line":93,"column":63},"end":{"line":93,"column":64}},"loc":{"start":{"line":93,"column":67},"end":{"line":93,"column":84}},"line":93},"29":{"name":"(anonymous_29)","decl":{"start":{"line":94,"column":63},"end":{"line":94,"column":64}},"loc":{"start":{"line":94,"column":67},"end":{"line":94,"column":84}},"line":94},"30":{"name":"(anonymous_30)","decl":{"start":{"line":95,"column":63},"end":{"line":95,"column":64}},"loc":{"start":{"line":95,"column":67},"end":{"line":95,"column":85}},"line":95},"31":{"name":"(anonymous_31)","decl":{"start":{"line":98,"column":42},"end":{"line":98,"column":43}},"loc":{"start":{"line":98,"column":46},"end":{"line":98,"column":64}},"line":98},"32":{"name":"(anonymous_32)","decl":{"start":{"line":99,"column":42},"end":{"line":99,"column":43}},"loc":{"start":{"line":99,"column":46},"end":{"line":99,"column":64}},"line":99},"33":{"name":"(anonymous_33)","decl":{"start":{"line":100,"column":42},"end":{"line":100,"column":43}},"loc":{"start":{"line":100,"column":46},"end":{"line":100,"column":62}},"line":100},"34":{"name":"(anonymous_34)","decl":{"start":{"line":101,"column":42},"end":{"line":101,"column":43}},"loc":{"start":{"line":101,"column":46},"end":{"line":101,"column":62}},"line":101},"35":{"name":"(anonymous_35)","decl":{"start":{"line":102,"column":42},"end":{"line":102,"column":43}},"loc":{"start":{"line":102,"column":46},"end":{"line":102,"column":62}},"line":102},"36":{"name":"(anonymous_36)","decl":{"start":{"line":103,"column":42},"end":{"line":103,"column":43}},"loc":{"start":{"line":103,"column":46},"end":{"line":103,"column":62}},"line":103},"37":{"name":"(anonymous_37)","decl":{"start":{"line":104,"column":42},"end":{"line":104,"column":43}},"loc":{"start":{"line":104,"column":46},"end":{"line":104,"column":62}},"line":104},"38":{"name":"(anonymous_38)","decl":{"start":{"line":105,"column":42},"end":{"line":105,"column":43}},"loc":{"start":{"line":105,"column":46},"end":{"line":105,"column":62}},"line":105}},"branchMap":{"0":{"loc":{"start":{"line":31,"column":8},"end":{"line":109,"column":9}},"type":"if","locations":[{"start":{"line":31,"column":8},"end":{"line":109,"column":9}},{"start":{"line":31,"column":8},"end":{"line":109,"column":9}}],"line":31},"1":{"loc":{"start":{"line":50,"column":14},"end":{"line":109,"column":9}},"type":"if","locations":[{"start":{"line":50,"column":14},"end":{"line":109,"column":9}},{"start":{"line":50,"column":14},"end":{"line":109,"column":9}}],"line":50},"2":{"loc":{"start":{"line":67,"column":14},"end":{"line":109,"column":9}},"type":"if","locations":[{"start":{"line":67,"column":14},"end":{"line":109,"column":9}},{"start":{"line":67,"column":14},"end":{"line":109,"column":9}}],"line":67},"3":{"loc":{"start":{"line":85,"column":14},"end":{"line":109,"column":9}},"type":"if","locations":[{"start":{"line":85,"column":14},"end":{"line":109,"column":9}},{"start":{"line":85,"column":14},"end":{"line":109,"column":9}}],"line":85}},"s":{"0":1,"1":0,"2":0,"3":0,"4":0,"5":0,"6":0,"7":0,"8":0,"9":0,"10":0,"11":0,"12":0,"13":0,"14":0,"15":0,"16":0,"17":0,"18":0,"19":0,"20":0,"21":0,"22":0,"23":0,"24":0,"25":0,"26":0,"27":0,"28":0,"29":0,"30":0,"31":0,"32":0,"33":0,"34":0,"35":0,"36":0,"37":0,"38":0,"39":0,"40":0,"41":0,"42":0,"43":0,"44":0,"45":0,"46":0,"47":0,"48":0,"49":0,"50":0,"51":0,"52":0},"f":{"0":0,"1":0,"2":0,"3":0,"4":0,"5":0,"6":0,"7":0,"8":0,"9":0,"10":0,"11":0,"12":0,"13":0,"14":0,"15":0,"16":0,"17":0,"18":0,"19":0,"20":0,"21":0,"22":0,"23":0,"24":0,"25":0,"26":0,"27":0,"28":0,"29":0,"30":0,"31":0,"32":0,"33":0,"34":0,"35":0,"36":0,"37":0,"38":0},"b":{"0":[0,0],"1":[0,0],"2":[0,0],"3":[0,0]},"_coverageSchema":"43e27e138ebf9cfc5966b082cf9a028302ed4184","hash":"ab4b40019f66b33958e932c156f8501aadab1052"}
,"/home/aman_ahmed/apps/React/hu-2020-vmc/src/components/ChooseStorageNetwork/index.tsx": {"path":"/home/aman_ahmed/apps/React/hu-2020-vmc/src/components/ChooseStorageNetwork/index.tsx","statementMap":{"0":{"start":{"line":7,"column":55},"end":{"line":12,"column":1}},"1":{"start":{"line":9,"column":4},"end":{"line":11,"column":6}}},"fnMap":{"0":{"name":"(anonymous_0)","decl":{"start":{"line":7,"column":55},"end":{"line":7,"column":56}},"loc":{"start":{"line":7,"column":77},"end":{"line":12,"column":1}},"line":7}},"branchMap":{},"s":{"0":0,"1":0},"f":{"0":0},"b":{},"hash":"9a3c64398bdbcfe2dfef0fb2669a27634683d69b"}
,"/home/aman_ahmed/apps/React/hu-2020-vmc/src/components/PageDisplay/index.tsx": {"path":"/home/aman_ahmed/apps/React/hu-2020-vmc/src/components/PageDisplay/index.tsx","statementMap":{},"fnMap":{},"branchMap":{},"s":{},"f":{},"b":{},"hash":"2da5fe7b0d1a22f31f4dc87006e73af88bbdbe21"}
,"/home/aman_ahmed/apps/React/hu-2020-vmc/src/components/Summary/index.tsx": {"path":"/home/aman_ahmed/apps/React/hu-2020-vmc/src/components/Summary/index.tsx","statementMap":{"0":{"start":{"line":18,"column":4},"end":{"line":45,"column":6}}},"fnMap":{"0":{"name":"Summary","decl":{"start":{"line":11,"column":16},"end":{"line":11,"column":23}},"loc":{"start":{"line":11,"column":51},"end":{"line":47,"column":1}},"line":11}},"branchMap":{},"s":{"0":4},"f":{"0":4},"b":{},"_coverageSchema":"43e27e138ebf9cfc5966b082cf9a028302ed4184","hash":"c3cca30622bffbb2e147b6b1da21b1805a2360ea"}
}
