TN:
SF:/home/aman_ahmed/apps/React/hu-2020-vmc/src/App.tsx
FN:45,(anonymous_0)
FN:49,(anonymous_1)
FN:70,(anonymous_2)
FN:73,(anonymous_3)
FN:76,(anonymous_4)
FN:79,(anonymous_5)
FN:82,(anonymous_6)
FN:86,setSm1
FN:87,setSm2
FN:88,setSm3
FN:89,setSm4
FN:93,(anonymous_11)
FN:106,PageDisplay
FN:155,PageHeading
FN:165,(anonymous_14)
FNF:15
FNH:3
FNDA:6,(anonymous_0)
FNDA:0,(anonymous_1)
FNDA:0,(anonymous_2)
FNDA:0,(anonymous_3)
FNDA:0,(anonymous_4)
FNDA:0,(anonymous_5)
FNDA:0,(anonymous_6)
FNDA:0,setSm1
FNDA:0,setSm2
FNDA:0,setSm3
FNDA:0,setSm4
FNDA:0,(anonymous_11)
FNDA:6,PageDisplay
FNDA:6,PageHeading
FNDA:0,(anonymous_14)
DA:22,1
DA:24,1
DA:45,1
DA:49,6
DA:50,0
DA:54,6
DA:55,6
DA:56,6
DA:57,6
DA:59,6
DA:60,6
DA:61,6
DA:62,6
DA:70,6
DA:71,0
DA:73,6
DA:74,0
DA:76,6
DA:77,0
DA:79,6
DA:80,0
DA:82,6
DA:83,0
DA:86,0
DA:87,0
DA:88,0
DA:89,0
DA:93,6
DA:94,0
DA:95,0
DA:108,6
DA:109,6
DA:112,0
DA:113,0
DA:135,0
DA:136,0
DA:139,0
DA:140,0
DA:143,0
DA:144,0
DA:152,0
DA:156,6
DA:157,0
DA:158,0
DA:159,0
DA:160,0
DA:162,0
DA:165,6
DA:168,6
LF:49
LH:23
BRDA:108,0,0,6
BRDA:108,0,1,0
BRDA:112,1,0,0
BRDA:112,1,1,0
BRDA:135,2,0,0
BRDA:135,2,1,0
BRDA:139,3,0,0
BRDA:139,3,1,0
BRDA:143,4,0,0
BRDA:143,4,1,0
BRDA:156,5,0,6
BRDA:156,5,1,0
BRDA:157,6,0,0
BRDA:157,6,1,0
BRDA:158,7,0,0
BRDA:158,7,1,0
BRDA:159,8,0,0
BRDA:159,8,1,0
BRDA:160,9,0,0
BRDA:160,9,1,0
BRF:20
BRH:2
end_of_record
TN:
SF:/home/aman_ahmed/apps/React/hu-2020-vmc/src/index.tsx
FNF:0
FNH:0
DA:7,0
DA:12,0
LF:2
LH:0
BRF:0
BRH:0
end_of_record
TN:
SF:/home/aman_ahmed/apps/React/hu-2020-vmc/src/serviceWorker.ts
FN:28,register
FN:42,(anonymous_1)
FN:51,(anonymous_2)
FN:65,registerValidSW
FN:68,(anonymous_4)
FN:69,(anonymous_5)
FN:74,(anonymous_6)
FN:104,(anonymous_7)
FN:109,checkValidServiceWorker
FN:114,(anonymous_9)
FN:122,(anonymous_10)
FN:123,(anonymous_11)
FN:132,(anonymous_12)
FN:139,unregister
FN:141,(anonymous_14)
FNF:15
FNH:0
FNDA:0,register
FNDA:0,(anonymous_1)
FNDA:0,(anonymous_2)
FNDA:0,registerValidSW
FNDA:0,(anonymous_4)
FNDA:0,(anonymous_5)
FNDA:0,(anonymous_6)
FNDA:0,(anonymous_7)
FNDA:0,checkValidServiceWorker
FNDA:0,(anonymous_9)
FNDA:0,(anonymous_10)
FNDA:0,(anonymous_11)
FNDA:0,(anonymous_12)
FNDA:0,unregister
FNDA:0,(anonymous_14)
DA:13,0
DA:29,0
DA:31,0
DA:35,0
DA:39,0
DA:42,0
DA:43,0
DA:45,0
DA:47,0
DA:51,0
DA:52,0
DA:59,0
DA:66,0
DA:69,0
DA:70,0
DA:71,0
DA:72,0
DA:74,0
DA:75,0
DA:76,0
DA:80,0
DA:86,0
DA:87,0
DA:93,0
DA:96,0
DA:97,0
DA:105,0
DA:111,0
DA:116,0
DA:117,0
DA:122,0
DA:123,0
DA:124,0
DA:129,0
DA:133,0
DA:140,0
DA:141,0
DA:142,0
LF:38
LH:0
BRDA:14,0,0,0
BRDA:14,0,1,0
BRDA:14,0,2,0
BRDA:29,1,0,0
BRDA:29,1,1,0
BRDA:29,2,0,0
BRDA:29,2,1,0
BRDA:35,3,0,0
BRDA:35,3,1,0
BRDA:45,4,0,0
BRDA:45,4,1,0
BRDA:71,5,0,0
BRDA:71,5,1,0
BRDA:75,6,0,0
BRDA:75,6,1,0
BRDA:76,7,0,0
BRDA:76,7,1,0
BRDA:86,8,0,0
BRDA:86,8,1,0
BRDA:86,9,0,0
BRDA:86,9,1,0
BRDA:96,10,0,0
BRDA:96,10,1,0
BRDA:96,11,0,0
BRDA:96,11,1,0
BRDA:117,12,0,0
BRDA:117,12,1,0
BRDA:118,13,0,0
BRDA:118,13,1,0
BRDA:118,13,2,0
BRDA:140,14,0,0
BRDA:140,14,1,0
BRF:32
BRH:0
end_of_record
TN:
SF:/home/aman_ahmed/apps/React/hu-2020-vmc/src/components/ChooseImage/index.tsx
FN:92,ImageCardList
FN:96,setName
FN:100,setCost
FN:104,setDescription
FN:108,setType
FN:115,(anonymous_5)
FN:123,ImageCard
FN:125,setCard
FNF:8
FNH:3
FNDA:9,ImageCardList
FNDA:0,setName
FNDA:0,setCost
FNDA:0,setDescription
FNDA:0,setType
FNDA:45,(anonymous_5)
FNDA:45,ImageCard
FNDA:0,setCard
DA:29,2
DA:97,0
DA:98,0
DA:101,0
DA:102,0
DA:105,0
DA:106,0
DA:112,9
DA:116,45
DA:126,0
DA:127,0
DA:128,0
DA:131,45
LF:13
LH:4
BRF:0
BRH:0
end_of_record
TN:
SF:/home/aman_ahmed/apps/React/hu-2020-vmc/src/components/ChooseInstance/index.tsx
FN:12,(anonymous_0)
FN:18,setCore
FN:23,setMemory
FN:29,InstanceDisplay
FN:39,(anonymous_4)
FN:40,(anonymous_5)
FN:41,(anonymous_6)
FN:44,(anonymous_7)
FN:45,(anonymous_8)
FN:46,(anonymous_9)
FN:47,(anonymous_10)
FN:48,(anonymous_11)
FN:58,(anonymous_12)
FN:59,(anonymous_13)
FN:60,(anonymous_14)
FN:63,(anonymous_15)
FN:64,(anonymous_16)
FN:65,(anonymous_17)
FN:75,(anonymous_18)
FN:76,(anonymous_19)
FN:77,(anonymous_20)
FN:78,(anonymous_21)
FN:81,(anonymous_22)
FN:82,(anonymous_23)
FN:83,(anonymous_24)
FN:93,(anonymous_25)
FN:94,(anonymous_26)
FN:95,(anonymous_27)
FN:96,(anonymous_28)
FN:97,(anonymous_29)
FN:100,(anonymous_30)
FN:101,(anonymous_31)
FN:102,(anonymous_32)
FN:103,(anonymous_33)
FN:104,(anonymous_34)
FN:105,(anonymous_35)
FN:106,(anonymous_36)
FN:107,(anonymous_37)
FN:121,setSm1
FN:122,setSm2
FN:123,setSm3
FN:124,setSm4
FN:139,(anonymous_42)
FNF:43
FNH:0
FNDA:0,(anonymous_0)
FNDA:0,setCore
FNDA:0,setMemory
FNDA:0,InstanceDisplay
FNDA:0,(anonymous_4)
FNDA:0,(anonymous_5)
FNDA:0,(anonymous_6)
FNDA:0,(anonymous_7)
FNDA:0,(anonymous_8)
FNDA:0,(anonymous_9)
FNDA:0,(anonymous_10)
FNDA:0,(anonymous_11)
FNDA:0,(anonymous_12)
FNDA:0,(anonymous_13)
FNDA:0,(anonymous_14)
FNDA:0,(anonymous_15)
FNDA:0,(anonymous_16)
FNDA:0,(anonymous_17)
FNDA:0,(anonymous_18)
FNDA:0,(anonymous_19)
FNDA:0,(anonymous_20)
FNDA:0,(anonymous_21)
FNDA:0,(anonymous_22)
FNDA:0,(anonymous_23)
FNDA:0,(anonymous_24)
FNDA:0,(anonymous_25)
FNDA:0,(anonymous_26)
FNDA:0,(anonymous_27)
FNDA:0,(anonymous_28)
FNDA:0,(anonymous_29)
FNDA:0,(anonymous_30)
FNDA:0,(anonymous_31)
FNDA:0,(anonymous_32)
FNDA:0,(anonymous_33)
FNDA:0,(anonymous_34)
FNDA:0,(anonymous_35)
FNDA:0,(anonymous_36)
FNDA:0,(anonymous_37)
FNDA:0,setSm1
FNDA:0,setSm2
FNDA:0,setSm3
FNDA:0,setSm4
FNDA:0,(anonymous_42)
DA:12,0
DA:15,0
DA:19,0
DA:20,0
DA:24,0
DA:25,0
DA:33,0
DA:34,0
DA:39,0
DA:40,0
DA:41,0
DA:44,0
DA:45,0
DA:46,0
DA:47,0
DA:48,0
DA:52,0
DA:53,0
DA:58,0
DA:59,0
DA:60,0
DA:63,0
DA:64,0
DA:65,0
DA:69,0
DA:70,0
DA:75,0
DA:76,0
DA:77,0
DA:78,0
DA:81,0
DA:82,0
DA:83,0
DA:87,0
DA:88,0
DA:93,0
DA:94,0
DA:95,0
DA:96,0
DA:97,0
DA:100,0
DA:101,0
DA:102,0
DA:103,0
DA:104,0
DA:105,0
DA:106,0
DA:107,0
DA:113,0
DA:121,0
DA:122,0
DA:123,0
DA:124,0
DA:126,0
DA:139,0
LF:55
LH:0
BRDA:33,0,0,0
BRDA:33,0,1,0
BRDA:52,1,0,0
BRDA:52,1,1,0
BRDA:69,2,0,0
BRDA:69,2,1,0
BRDA:87,3,0,0
BRDA:87,3,1,0
BRF:8
BRH:0
end_of_record
TN:
SF:/home/aman_ahmed/apps/React/hu-2020-vmc/src/components/ChooseInstance/index2.tsx
FN:10,(anonymous_0)
FNF:1
FNH:0
FNDA:0,(anonymous_0)
DA:10,0
DA:12,0
DA:13,0
DA:14,0
DA:16,0
LF:5
LH:0
BRF:0
BRH:0
end_of_record
TN:
SF:/home/aman_ahmed/apps/React/hu-2020-vmc/src/components/ChooseInstance2/index.tsx
FN:10,(anonymous_0)
FN:13,test
FN:20,setCore
FN:24,setMemory
FN:29,InstanceDisplay
FN:37,(anonymous_5)
FN:38,(anonymous_6)
FN:39,(anonymous_7)
FN:42,(anonymous_8)
FN:43,(anonymous_9)
FN:44,(anonymous_10)
FN:45,(anonymous_11)
FN:46,(anonymous_12)
FN:56,(anonymous_13)
FN:57,(anonymous_14)
FN:58,(anonymous_15)
FN:61,(anonymous_16)
FN:62,(anonymous_17)
FN:63,(anonymous_18)
FN:73,(anonymous_19)
FN:74,(anonymous_20)
FN:75,(anonymous_21)
FN:76,(anonymous_22)
FN:79,(anonymous_23)
FN:80,(anonymous_24)
FN:81,(anonymous_25)
FN:91,(anonymous_26)
FN:92,(anonymous_27)
FN:93,(anonymous_28)
FN:94,(anonymous_29)
FN:95,(anonymous_30)
FN:98,(anonymous_31)
FN:99,(anonymous_32)
FN:100,(anonymous_33)
FN:101,(anonymous_34)
FN:102,(anonymous_35)
FN:103,(anonymous_36)
FN:104,(anonymous_37)
FN:105,(anonymous_38)
FNF:39
FNH:0
FNDA:0,(anonymous_0)
FNDA:0,test
FNDA:0,setCore
FNDA:0,setMemory
FNDA:0,InstanceDisplay
FNDA:0,(anonymous_5)
FNDA:0,(anonymous_6)
FNDA:0,(anonymous_7)
FNDA:0,(anonymous_8)
FNDA:0,(anonymous_9)
FNDA:0,(anonymous_10)
FNDA:0,(anonymous_11)
FNDA:0,(anonymous_12)
FNDA:0,(anonymous_13)
FNDA:0,(anonymous_14)
FNDA:0,(anonymous_15)
FNDA:0,(anonymous_16)
FNDA:0,(anonymous_17)
FNDA:0,(anonymous_18)
FNDA:0,(anonymous_19)
FNDA:0,(anonymous_20)
FNDA:0,(anonymous_21)
FNDA:0,(anonymous_22)
FNDA:0,(anonymous_23)
FNDA:0,(anonymous_24)
FNDA:0,(anonymous_25)
FNDA:0,(anonymous_26)
FNDA:0,(anonymous_27)
FNDA:0,(anonymous_28)
FNDA:0,(anonymous_29)
FNDA:0,(anonymous_30)
FNDA:0,(anonymous_31)
FNDA:0,(anonymous_32)
FNDA:0,(anonymous_33)
FNDA:0,(anonymous_34)
FNDA:0,(anonymous_35)
FNDA:0,(anonymous_36)
FNDA:0,(anonymous_37)
FNDA:0,(anonymous_38)
DA:10,1
DA:14,0
DA:15,0
DA:16,0
DA:18,0
DA:21,0
DA:22,0
DA:25,0
DA:26,0
DA:31,0
DA:32,0
DA:37,0
DA:38,0
DA:39,0
DA:42,0
DA:43,0
DA:44,0
DA:45,0
DA:46,0
DA:50,0
DA:51,0
DA:56,0
DA:57,0
DA:58,0
DA:61,0
DA:62,0
DA:63,0
DA:67,0
DA:68,0
DA:73,0
DA:74,0
DA:75,0
DA:76,0
DA:79,0
DA:80,0
DA:81,0
DA:85,0
DA:86,0
DA:91,0
DA:92,0
DA:93,0
DA:94,0
DA:95,0
DA:98,0
DA:99,0
DA:100,0
DA:101,0
DA:102,0
DA:103,0
DA:104,0
DA:105,0
DA:110,0
DA:114,0
LF:53
LH:1
BRDA:31,0,0,0
BRDA:31,0,1,0
BRDA:50,1,0,0
BRDA:50,1,1,0
BRDA:67,2,0,0
BRDA:67,2,1,0
BRDA:85,3,0,0
BRDA:85,3,1,0
BRF:8
BRH:0
end_of_record
TN:
SF:/home/aman_ahmed/apps/React/hu-2020-vmc/src/components/ChooseStorageNetwork/index.tsx
FN:7,(anonymous_0)
FNF:1
FNH:0
FNDA:0,(anonymous_0)
DA:7,0
DA:9,0
LF:2
LH:0
BRF:0
BRH:0
end_of_record
TN:
SF:/home/aman_ahmed/apps/React/hu-2020-vmc/src/components/PageDisplay/index.tsx
FNF:0
FNH:0
LF:0
LH:0
BRF:0
BRH:0
end_of_record
TN:
SF:/home/aman_ahmed/apps/React/hu-2020-vmc/src/components/Summary/index.tsx
FN:11,Summary
FNF:1
FNH:1
FNDA:4,Summary
DA:18,4
LF:1
LH:1
BRF:0
BRH:0
end_of_record
